<?xml version="1.0" encoding="UTF-8"?>
<!-- Generated by org.testng.reporters.JUnitReportReporter -->
<testsuite hostname="Home" failures="0" tests="2" name="Test.demo2" time="0.005" errors="0" timestamp="2022-10-23T19:55:00 IST" skipped="0">
  <testcase classname="Test.demo2" name="dm3" time="0.002"/>
  <system-out/>
  <testcase classname="Test.demo2" name="dm2" time="0.003"/>
  <system-out/>
</testsuite> <!-- Test.demo2 -->
