<?xml version="1.0" encoding="UTF-8"?>
<!-- Generated by org.testng.reporters.JUnitReportReporter -->
<testsuite hostname="Home" failures="0" tests="4" name="Test.demo6" time="0.008" errors="0" timestamp="2022-10-23T19:55:00 IST" skipped="0">
  <testcase classname="Test.demo6" name="welcome" time="0.003"/>
  <system-out/>
  <testcase classname="Test.demo6" name="krishnaSathyabhama" time="0.001"/>
  <system-out/>
  <testcase classname="Test.demo6" name="krishnaRukmini" time="0.002"/>
  <system-out/>
  <testcase classname="Test.demo6" name="SrinivaPadhmavathi" time="0.002"/>
  <system-out/>
</testsuite> <!-- Test.demo6 -->
