<?xml version="1.0" encoding="UTF-8"?>
<!-- Generated by org.testng.reporters.JUnitReportReporter -->
<testsuite hostname="Home" failures="0" tests="2" name="demo1" time="0.020" errors="0" timestamp="2022-10-06T21:10:19 IST" skipped="0">
  <testcase classname="demo1" name="d1" time="0.014"/>
  <system-out/>
  <testcase classname="demo1" name="d2" time="0.006"/>
  <system-out/>
</testsuite> <!-- demo1 -->
