<?xml version="1.0" encoding="UTF-8"?>
<!-- Generated by org.testng.reporters.JUnitReportReporter -->
<testsuite hostname="Home" failures="0" tests="2" name="Test.demo5" time="0.002" errors="0" timestamp="2022-10-23T19:55:00 IST" skipped="1">
  <testcase classname="Test.demo5" name="radha" time="0.002"/>
  <system-out/>
  <testcase classname="Test.demo5" name="krishna">
    <skipped/>
  </testcase> <!-- krishna -->
  <system-out/>
</testsuite> <!-- Test.demo5 -->
