<?xml version="1.0" encoding="UTF-8"?>
<!-- Generated by org.testng.reporters.JUnitReportReporter -->
<testsuite hostname="Home" failures="0" tests="3" name="test2.tst1" time="0.024" errors="0" timestamp="2022-10-23T19:41:12 IST" skipped="0">
  <testcase classname="test2.tst1" name="tstd" time="0.007"/>
  <system-out/>
  <testcase classname="test2.tst1" name="tstt" time="0.006"/>
  <system-out/>
  <testcase classname="test2.tst1" name="smke" time="0.011"/>
  <system-out/>
</testsuite> <!-- test2.tst1 -->
