<?xml version="1.0" encoding="UTF-8"?>
<!-- Generated by org.testng.reporters.JUnitReportReporter -->
<testsuite hostname="Home" failures="0" tests="3" name="Test.demo4" time="0.016" errors="0" timestamp="2022-10-23T19:55:00 IST" skipped="0">
  <testcase classname="Test.demo4" name="udaya" time="0.001"/>
  <system-out/>
  <testcase classname="Test.demo4" name="starSuvarna" time="0.009"/>
  <system-out/>
  <testcase classname="Test.demo4" name="colorsKannada" time="0.006"/>
  <system-out/>
</testsuite> <!-- Test.demo4 -->
